# JRE version: OpenJDK Runtime Environment Temurin-21.0.9+10 (21.0.9+10) (build 21.0.9+10-LTS)
# Java VM: OpenJDK 64-Bit Server VM Temurin-21.0.9+10 (21.0.9+10-LTS, mixed mode, sharing, tiered, compressed oops, compressed class ptrs, parallel gc, windows-amd64)
GC Precious Log:
 CardTable entry size: 512
 CPUs: 12 total, 12 available
 Memory: 16068M
 Large Page Support: Disabled
 NUMA Support: Disabled
 Compressed Oops: Enabled (32-bit)
 Alignments: Space 512K, Generation 512K, Heap 2M
 Heap Min Capacity: 100M
 Heap Initial Capacity: 100M
 Heap Max Capacity: 2G
 Pre-touch: Disabled
 Parallel Workers: 10
Heap:
 PSYoungGen      total 9728K, used 6040K [0x00000000d5580000, 0x00000000d6080000, 0x0000000100000000)
  eden space 9216K, 62% used [0x00000000d5580000,0x00000000d5b162f0,0x00000000d5e80000)
  from space 512K, 62% used [0x00000000d6000000,0x00000000d6050000,0x00000000d6080000)
  to   space 512K, 0% used [0x00000000d5f00000,0x00000000d5f00000,0x00000000d5f80000)
 ParOldGen       total 142336K, used 133509K [0x0000000080000000, 0x0000000088b00000, 0x00000000d5580000)
  object space 142336K, 93% used [0x0000000080000000,0x0000000088261488,0x0000000088b00000)
 Metaspace       used 104905K, committed 106688K, reserved 1179648K
  class space    used 10313K, committed 11136K, reserved 1048576K
GC Heap History (20 events):
Event: 94726.518 GC heap before
{Heap before GC invocations=10130 (full 17):
 PSYoungGen      total 9728K, used 9568K [0x00000000d5580000, 0x00000000d6080000, 0x0000000100000000)
  eden space 9216K, 100% used [0x00000000d5580000,0x00000000d5e80000,0x00000000d5e80000)
  from space 512K, 68% used [0x00000000d6000000,0x00000000d6058000,0x00000000d6080000)
  to   space 512K, 0% used [0x00000000d5f00000,0x00000000d5f00000,0x00000000d5f80000)
 ParOldGen       total 142336K, used 132925K [0x0000000080000000, 0x0000000088b00000, 0x00000000d5580000)
  object space 142336K, 93% used [0x0000000080000000,0x00000000881cf488,0x0000000088b00000)
 Metaspace       used 104872K, committed 106688K, reserved 1179648K
  class space    used 10313K, committed 11136K, reserved 1048576K
}
Event: 94726.519 GC heap after
{Heap after GC invocations=10130 (full 17):
 PSYoungGen      total 9728K, used 320K [0x00000000d5580000, 0x00000000d6080000, 0x0000000100000000)
  eden space 9216K, 0% used [0x00000000d5580000,0x00000000d5580000,0x00000000d5e80000)
  from space 512K, 62% used [0x00000000d5f00000,0x00000000d5f50000,0x00000000d5f80000)
  to   space 512K, 0% used [0x00000000d6000000,0x00000000d6000000,0x00000000d6080000)
 ParOldGen       total 142336K, used 132973K [0x0000000080000000, 0x0000000088b00000, 0x00000000d5580000)
  object space 142336K, 93% used [0x0000000080000000,0x00000000881db488,0x0000000088b00000)
 Metaspace       used 104872K, committed 106688K, reserved 1179648K
  class space    used 10313K, committed 11136K, reserved 1048576K
}
Event: 94739.509 GC heap before
{Heap before GC invocations=10131 (full 17):
 PSYoungGen      total 9728K, used 9536K [0x00000000d5580000, 0x00000000d6080000, 0x0000000100000000)
  eden space 9216K, 100% used [0x00000000d5580000,0x00000000d5e80000,0x00000000d5e80000)
  from space 512K, 62% used [0x00000000d5f00000,0x00000000d5f50000,0x00000000d5f80000)
  to   space 512K, 0% used [0x00000000d6000000,0x00000000d6000000,0x00000000d6080000)
 ParOldGen       total 142336K, used 132973K [0x0000000080000000, 0x0000000088b00000, 0x00000000d5580000)
  object space 142336K, 93% used [0x0000000080000000,0x00000000881db488,0x0000000088b00000)
 Metaspace       used 104872K, committed 106688K, reserved 1179648K
  class space    used 10313K, committed 11136K, reserved 1048576K
}
Event: 94739.509 GC heap after
{Heap after GC invocations=10131 (full 17):
 PSYoungGen      total 9728K, used 320K [0x00000000d5580000, 0x00000000d6080000, 0x0000000100000000)
  eden space 9216K, 0% used [0x00000000d5580000,0x00000000d5580000,0x00000000d5e80000)
  from space 512K, 62% used [0x00000000d6000000,0x00000000d6050000,0x00000000d6080000)
  to   space 512K, 0% used [0x00000000d5f00000,0x00000000d5f00000,0x00000000d5f80000)
 ParOldGen       total 142336K, used 133037K [0x0000000080000000, 0x0000000088b00000, 0x00000000d5580000)
  object space 142336K, 93% used [0x0000000080000000,0x00000000881eb488,0x0000000088b00000)
 Metaspace       used 104872K, committed 106688K, reserved 1179648K
  class space    used 10313K, committed 11136K, reserved 1048576K
}
Event: 94747.660 GC heap before
{Heap before GC invocations=10132 (full 17):
 PSYoungGen      total 9728K, used 9536K [0x00000000d5580000, 0x00000000d6080000, 0x0000000100000000)
  eden space 9216K, 100% used [0x00000000d5580000,0x00000000d5e80000,0x00000000d5e80000)
  from space 512K, 62% used [0x00000000d6000000,0x00000000d6050000,0x00000000d6080000)
  to   space 512K, 0% used [0x00000000d5f00000,0x00000000d5f00000,0x00000000d5f80000)
 ParOldGen       total 142336K, used 133037K [0x0000000080000000, 0x0000000088b00000, 0x00000000d5580000)
  object space 142336K, 93% used [0x0000000080000000,0x00000000881eb488,0x0000000088b00000)
 Metaspace       used 104875K, committed 106688K, reserved 1179648K
  class space    used 10313K, committed 11136K, reserved 1048576K
}
Event: 94747.672 GC heap after
{Heap after GC invocations=10132 (full 17):
 PSYoungGen      total 9728K, used 288K [0x00000000d5580000, 0x00000000d6080000, 0x0000000100000000)
  eden space 9216K, 0% used [0x00000000d5580000,0x00000000d5580000,0x00000000d5e80000)
  from space 512K, 56% used [0x00000000d5f00000,0x00000000d5f48000,0x00000000d5f80000)
  to   space 512K, 0% used [0x00000000d6000000,0x00000000d6000000,0x00000000d6080000)
 ParOldGen       total 142336K, used 133101K [0x0000000080000000, 0x0000000088b00000, 0x00000000d5580000)
  object space 142336K, 93% used [0x0000000080000000,0x00000000881fb488,0x0000000088b00000)
 Metaspace       used 104875K, committed 106688K, reserved 1179648K
  class space    used 10313K, committed 11136K, reserved 1048576K
}
Event: 94785.842 GC heap before
{Heap before GC invocations=10133 (full 17):
 PSYoungGen      total 9728K, used 9503K [0x00000000d5580000, 0x00000000d6080000, 0x0000000100000000)
  eden space 9216K, 99% used [0x00000000d5580000,0x00000000d5e7fff0,0x00000000d5e80000)
  from space 512K, 56% used [0x00000000d5f00000,0x00000000d5f48000,0x00000000d5f80000)
  to   space 512K, 0% used [0x00000000d6000000,0x00000000d6000000,0x00000000d6080000)
 ParOldGen       total 142336K, used 133101K [0x0000000080000000, 0x0000000088b00000, 0x00000000d5580000)
  object space 142336K, 93% used [0x0000000080000000,0x00000000881fb488,0x0000000088b00000)
 Metaspace       used 104878K, committed 106688K, reserved 1179648K
  class space    used 10313K, committed 11136K, reserved 1048576K
}
Event: 94785.843 GC heap after
{Heap after GC invocations=10133 (full 17):
 PSYoungGen      total 9728K, used 320K [0x00000000d5580000, 0x00000000d6080000, 0x0000000100000000)
  eden space 9216K, 0% used [0x00000000d5580000,0x00000000d5580000,0x00000000d5e80000)
  from space 512K, 62% used [0x00000000d6000000,0x00000000d6050000,0x00000000d6080000)
  to   space 512K, 0% used [0x00000000d5f00000,0x00000000d5f00000,0x00000000d5f80000)
 ParOldGen       total 142336K, used 133141K [0x0000000080000000, 0x0000000088b00000, 0x00000000d5580000)
  object space 142336K, 93% used [0x0000000080000000,0x0000000088205488,0x0000000088b00000)
 Metaspace       used 104878K, committed 106688K, reserved 1179648K
  class space    used 10313K, committed 11136K, reserved 1048576K
}
Event: 94833.471 GC heap before
{Heap before GC invocations=10134 (full 17):
 PSYoungGen      total 9728K, used 9536K [0x00000000d5580000, 0x00000000d6080000, 0x0000000100000000)
  eden space 9216K, 100% used [0x00000000d5580000,0x00000000d5e80000,0x00000000d5e80000)
  from space 512K, 62% used [0x00000000d6000000,0x00000000d6050000,0x00000000d6080000)
  to   space 512K, 0% used [0x00000000d5f00000,0x00000000d5f00000,0x00000000d5f80000)
 ParOldGen       total 142336K, used 133141K [0x0000000080000000, 0x0000000088b00000, 0x00000000d5580000)
  object space 142336K, 93% used [0x0000000080000000,0x0000000088205488,0x0000000088b00000)
 Metaspace       used 104892K, committed 106688K, reserved 1179648K
  class space    used 10313K, committed 11136K, reserved 1048576K
}
Event: 94833.489 GC heap after
{Heap after GC invocations=10134 (full 17):
 PSYoungGen      total 9728K, used 320K [0x00000000d5580000, 0x00000000d6080000, 0x0000000100000000)
  eden space 9216K, 0% used [0x00000000d5580000,0x00000000d5580000,0x00000000d5e80000)
  from space 512K, 62% used [0x00000000d5f00000,0x00000000d5f50000,0x00000000d5f80000)
  to   space 512K, 0% used [0x00000000d6000000,0x00000000d6000000,0x00000000d6080000)
 ParOldGen       total 142336K, used 133205K [0x0000000080000000, 0x0000000088b00000, 0x00000000d5580000)
  object space 142336K, 93% used [0x0000000080000000,0x0000000088215488,0x0000000088b00000)
 Metaspace       used 104892K, committed 106688K, reserved 1179648K
  class space    used 10313K, committed 11136K, reserved 1048576K
}
Event: 94842.531 GC heap before
{Heap before GC invocations=10135 (full 17):
 PSYoungGen      total 9728K, used 9536K [0x00000000d5580000, 0x00000000d6080000, 0x0000000100000000)
  eden space 9216K, 100% used [0x00000000d5580000,0x00000000d5e80000,0x00000000d5e80000)
  from space 512K, 62% used [0x00000000d5f00000,0x00000000d5f50000,0x00000000d5f80000)
  to   space 512K, 0% used [0x00000000d6000000,0x00000000d6000000,0x00000000d6080000)
 ParOldGen       total 142336K, used 133205K [0x0000000080000000, 0x0000000088b00000, 0x00000000d5580000)
  object space 142336K, 93% used [0x0000000080000000,0x0000000088215488,0x0000000088b00000)
 Metaspace       used 104892K, committed 106688K, reserved 1179648K
  class space    used 10313K, committed 11136K, reserved 1048576K
}
Event: 94842.548 GC heap after
{Heap after GC invocations=10135 (full 17):
 PSYoungGen      total 9728K, used 352K [0x00000000d5580000, 0x00000000d6080000, 0x0000000100000000)
  eden space 9216K, 0% used [0x00000000d5580000,0x00000000d5580000,0x00000000d5e80000)
  from space 512K, 68% used [0x00000000d6000000,0x00000000d6058000,0x00000000d6080000)
  to   space 512K, 0% used [0x00000000d5f00000,0x00000000d5f00000,0x00000000d5f80000)
 ParOldGen       total 142336K, used 133285K [0x0000000080000000, 0x0000000088b00000, 0x00000000d5580000)
  object space 142336K, 93% used [0x0000000080000000,0x0000000088229488,0x0000000088b00000)
 Metaspace       used 104892K, committed 106688K, reserved 1179648K
  class space    used 10313K, committed 11136K, reserved 1048576K
}
Event: 94854.334 GC heap before
{Heap before GC invocations=10136 (full 17):
 PSYoungGen      total 9728K, used 9568K [0x00000000d5580000, 0x00000000d6080000, 0x0000000100000000)
  eden space 9216K, 100% used [0x00000000d5580000,0x00000000d5e80000,0x00000000d5e80000)
  from space 512K, 68% used [0x00000000d6000000,0x00000000d6058000,0x00000000d6080000)
  to   space 512K, 0% used [0x00000000d5f00000,0x00000000d5f00000,0x00000000d5f80000)
 ParOldGen       total 142336K, used 133285K [0x0000000080000000, 0x0000000088b00000, 0x00000000d5580000)
  object space 142336K, 93% used [0x0000000080000000,0x0000000088229488,0x0000000088b00000)
 Metaspace       used 104893K, committed 106688K, reserved 1179648K
  class space    used 10313K, committed 11136K, reserved 1048576K
}
Event: 94854.353 GC heap after
{Heap after GC invocations=10136 (full 17):
 PSYoungGen      total 9728K, used 320K [0x00000000d5580000, 0x00000000d6080000, 0x0000000100000000)
  eden space 9216K, 0% used [0x00000000d5580000,0x00000000d5580000,0x00000000d5e80000)
  from space 512K, 62% used [0x00000000d5f00000,0x00000000d5f50000,0x00000000d5f80000)
  to   space 512K, 0% used [0x00000000d6000000,0x00000000d6000000,0x00000000d6080000)
 ParOldGen       total 142336K, used 133341K [0x0000000080000000, 0x0000000088b00000, 0x00000000d5580000)
  object space 142336K, 93% used [0x0000000080000000,0x0000000088237488,0x0000000088b00000)
 Metaspace       used 104893K, committed 106688K, reserved 1179648K
  class space    used 10313K, committed 11136K, reserved 1048576K
}
Event: 94865.562 GC heap before
{Heap before GC invocations=10137 (full 17):
 PSYoungGen      total 9728K, used 9536K [0x00000000d5580000, 0x00000000d6080000, 0x0000000100000000)
  eden space 9216K, 100% used [0x00000000d5580000,0x00000000d5e80000,0x00000000d5e80000)
  from space 512K, 62% used [0x00000000d5f00000,0x00000000d5f50000,0x00000000d5f80000)
  to   space 512K, 0% used [0x00000000d6000000,0x00000000d6000000,0x00000000d6080000)
 ParOldGen       total 142336K, used 133341K [0x0000000080000000, 0x0000000088b00000, 0x00000000d5580000)
  object space 142336K, 93% used [0x0000000080000000,0x0000000088237488,0x0000000088b00000)
 Metaspace       used 104893K, committed 106688K, reserved 1179648K
  class space    used 10313K, committed 11136K, reserved 1048576K
}
Event: 94865.563 GC heap after
{Heap after GC invocations=10137 (full 17):
 PSYoungGen      total 9728K, used 352K [0x00000000d5580000, 0x00000000d6080000, 0x0000000100000000)
  eden space 9216K, 0% used [0x00000000d5580000,0x00000000d5580000,0x00000000d5e80000)
  from space 512K, 68% used [0x00000000d6000000,0x00000000d6058000,0x00000000d6080000)
  to   space 512K, 0% used [0x00000000d5f00000,0x00000000d5f00000,0x00000000d5f80000)
 ParOldGen       total 142336K, used 133373K [0x0000000080000000, 0x0000000088b00000, 0x00000000d5580000)
  object space 142336K, 93% used [0x0000000080000000,0x000000008823f488,0x0000000088b00000)
 Metaspace       used 104893K, committed 106688K, reserved 1179648K
  class space    used 10313K, committed 11136K, reserved 1048576K
}
Event: 94911.572 GC heap before
{Heap before GC invocations=10138 (full 17):
 PSYoungGen      total 9728K, used 9568K [0x00000000d5580000, 0x00000000d6080000, 0x0000000100000000)
  eden space 9216K, 100% used [0x00000000d5580000,0x00000000d5e80000,0x00000000d5e80000)
  from space 512K, 68% used [0x00000000d6000000,0x00000000d6058000,0x00000000d6080000)
  to   space 512K, 0% used [0x00000000d5f00000,0x00000000d5f00000,0x00000000d5f80000)
 ParOldGen       total 142336K, used 133373K [0x0000000080000000, 0x0000000088b00000, 0x00000000d5580000)
  object space 142336K, 93% used [0x0000000080000000,0x000000008823f488,0x0000000088b00000)
 Metaspace       used 104898K, committed 106688K, reserved 1179648K
  class space    used 10313K, committed 11136K, reserved 1048576K
}
Event: 94911.594 GC heap after
{Heap after GC invocations=10138 (full 17):
 PSYoungGen      total 9728K, used 352K [0x00000000d5580000, 0x00000000d6080000, 0x0000000100000000)
  eden space 9216K, 0% used [0x00000000d5580000,0x00000000d5580000,0x00000000d5e80000)
  from space 512K, 68% used [0x00000000d5f00000,0x00000000d5f58000,0x00000000d5f80000)
  to   space 512K, 0% used [0x00000000d6000000,0x00000000d6000000,0x00000000d6080000)
 ParOldGen       total 142336K, used 133429K [0x0000000080000000, 0x0000000088b00000, 0x00000000d5580000)
  object space 142336K, 93% used [0x0000000080000000,0x000000008824d488,0x0000000088b00000)
 Metaspace       used 104898K, committed 106688K, reserved 1179648K
  class space    used 10313K, committed 11136K, reserved 1048576K
}
Event: 94934.643 GC heap before
{Heap before GC invocations=10139 (full 17):
 PSYoungGen      total 9728K, used 9568K [0x00000000d5580000, 0x00000000d6080000, 0x0000000100000000)
  eden space 9216K, 100% used [0x00000000d5580000,0x00000000d5e80000,0x00000000d5e80000)
  from space 512K, 68% used [0x00000000d5f00000,0x00000000d5f58000,0x00000000d5f80000)
  to   space 512K, 0% used [0x00000000d6000000,0x00000000d6000000,0x00000000d6080000)
 ParOldGen       total 142336K, used 133429K [0x0000000080000000, 0x0000000088b00000, 0x00000000d5580000)
  object space 142336K, 93% used [0x0000000080000000,0x000000008824d488,0x0000000088b00000)
 Metaspace       used 104898K, committed 106688K, reserved 1179648K
  class space    used 10313K, committed 11136K, reserved 1048576K
}
Event: 94934.645 GC heap after
{Heap after GC invocations=10139 (full 17):
 PSYoungGen      total 9728K, used 320K [0x00000000d5580000, 0x00000000d6080000, 0x0000000100000000)
  eden space 9216K, 0% used [0x00000000d5580000,0x00000000d5580000,0x00000000d5e80000)
  from space 512K, 62% used [0x00000000d6000000,0x00000000d6050000,0x00000000d6080000)
  to   space 512K, 0% used [0x00000000d5f00000,0x00000000d5f00000,0x00000000d5f80000)
 ParOldGen       total 142336K, used 133509K [0x0000000080000000, 0x0000000088b00000, 0x00000000d5580000)
  object space 142336K, 93% used [0x0000000080000000,0x0000000088261488,0x0000000088b00000)
 Metaspace       used 104898K, committed 106688K, reserved 1179648K
  class space    used 10313K, committed 11136K, reserved 1048576K
}

